Using pre-set license
Built from '2020.3/staging' branch; Version is '2020.3.20f1 (41c4e627c95f) revision 4310246'; Using compiler version '192528614'; Build Type 'Release'
OS: 'Windows 10 Home Single Language; OS build 18362.1256; Version 1903; 64bit' Language: 'en' Physical Memory: 8101 MB
BatchMode: 1, IsHumanControllingUs: 0, StartBugReporterOnCrash: 0, Is64bit: 1, IsPro: 0

COMMAND LINE ARGUMENTS:
C:\Program Files\Unity\Hub\Editor\2020.3.20f1\Editor\Unity.exe
-adb2
-batchMode
-noUpm
-name
AssetImportWorker0
-projectPath
E:/FinalProject
-logFile
Logs/AssetImportWorker0.log
-srvPort
54998
Successfully changed project path to: E:/FinalProject
E:/FinalProject
Using Asset Import Pipeline V2.
Refreshing native plugins compatible for Editor in 81.65 ms, found 2 plugins.
Preloading 0 native plugins for Editor in 0.00 ms.
Initialize engine version: 2020.3.20f1 (41c4e627c95f)
[Subsystems] Discovering subsystems at path C:/Program Files/Unity/Hub/Editor/2020.3.20f1/Editor/Data/Resources/UnitySubsystems
[Subsystems] Discovering subsystems at path E:/FinalProject/Assets
GfxDevice: creating device client; threaded=0
Direct3D:
    Version:  Direct3D 11.0 [level 11.1]
    Renderer: Intel(R) HD Graphics 620 (ID=0x5916)
    Vendor:   
    VRAM:     4050 MB
    Driver:   23.20.16.4973
Initialize mono
Mono path[0] = 'C:/Program Files/Unity/Hub/Editor/2020.3.20f1/Editor/Data/Managed'
Mono path[1] = 'C:/Program Files/Unity/Hub/Editor/2020.3.20f1/Editor/Data/MonoBleedingEdge/lib/mono/unityjit'
Mono config path = 'C:/Program Files/Unity/Hub/Editor/2020.3.20f1/Editor/Data/MonoBleedingEdge/etc'
Using monoOptions --debugger-agent=transport=dt_socket,embedding=1,server=y,suspend=n,address=127.0.0.1:56900
Begin MonoManager ReloadAssembly
Registering precompiled unity dll's ...
Register platform support module: C:/Program Files/Unity/Hub/Editor/2020.3.20f1/Editor/Data/PlaybackEngines/WindowsStandaloneSupport/UnityEditor.WindowsStandalone.Extensions.dll
Registered in 0.004504 seconds.
Native extension for WindowsStandalone target not found
Refreshing native plugins compatible for Editor in 54.49 ms, found 2 plugins.
Preloading 0 native plugins for Editor in 0.00 ms.
Mono: successfully reloaded assembly
- Completed reload, in  1.785 seconds
Domain Reload Profiling:
	ReloadAssembly (1786ms)
		BeginReloadAssembly (94ms)
			ExecutionOrderSort (0ms)
			DisableScriptedObjects (0ms)
			BackupInstance (0ms)
			ReleaseScriptingObjects (0ms)
			CreateAndSetChildDomain (1ms)
		EndReloadAssembly (638ms)
			LoadAssemblies (90ms)
			RebuildTransferFunctionScriptingTraits (0ms)
			SetupTypeCache (242ms)
			ReleaseScriptCaches (0ms)
			RebuildScriptCaches (45ms)
			SetupLoadedEditorAssemblies (237ms)
				LogAssemblyErrors (0ms)
				InitializePlatformSupportModulesInManaged (6ms)
				SetLoadedEditorAssemblies (0ms)
				RefreshPlugins (55ms)
				BeforeProcessingInitializeOnLoad (14ms)
				ProcessInitializeOnLoadAttributes (119ms)
				ProcessInitializeOnLoadMethodAttributes (43ms)
				AfterProcessingInitializeOnLoad (0ms)
				EditorAssembliesLoaded (0ms)
			ExecutionOrderSort2 (0ms)
			AwakeInstancesAfterBackupRestoration (0ms)
Platform modules already initialized, skipping
Registering precompiled user dll's ...
Registered in 0.004839 seconds.
Begin MonoManager ReloadAssembly
Native extension for WindowsStandalone target not found
Refreshing native plugins compatible for Editor in 0.59 ms, found 2 plugins.
Preloading 0 native plugins for Editor in 0.00 ms.
Mono: successfully reloaded assembly
- Completed reload, in  2.190 seconds
Domain Reload Profiling:
	ReloadAssembly (2191ms)
		BeginReloadAssembly (245ms)
			ExecutionOrderSort (0ms)
			DisableScriptedObjects (7ms)
			BackupInstance (0ms)
			ReleaseScriptingObjects (0ms)
			CreateAndSetChildDomain (28ms)
		EndReloadAssembly (1840ms)
			LoadAssemblies (155ms)
			RebuildTransferFunctionScriptingTraits (0ms)
			SetupTypeCache (586ms)
			ReleaseScriptCaches (1ms)
			RebuildScriptCaches (83ms)
			SetupLoadedEditorAssemblies (859ms)
				LogAssemblyErrors (0ms)
				InitializePlatformSupportModulesInManaged (8ms)
				SetLoadedEditorAssemblies (1ms)
				RefreshPlugins (1ms)
				BeforeProcessingInitializeOnLoad (93ms)
				ProcessInitializeOnLoadAttributes (731ms)
				ProcessInitializeOnLoadMethodAttributes (8ms)
				AfterProcessingInitializeOnLoad (17ms)
				EditorAssembliesLoaded (0ms)
			ExecutionOrderSort2 (0ms)
			AwakeInstancesAfterBackupRestoration (13ms)
Platform modules already initialized, skipping
========================================================================
Worker process is ready to serve import requests
Launched and connected shader compiler UnityShaderCompiler.exe after 0.08 seconds
Refreshing native plugins compatible for Editor in 0.54 ms, found 2 plugins.
Preloading 0 native plugins for Editor in 0.00 ms.
Unloading 1634 Unused Serialized files (Serialized files now loaded: 0)
System memory in use before: 146.8 MB.
System memory in use after: 146.9 MB.

Unloading 20 unused Assets to reduce memory usage. Loaded Objects now: 2079.
Total: 4.587200 ms (FindLiveObjects: 0.253700 ms CreateObjectMapping: 0.094200 ms MarkObjects: 4.133000 ms  DeleteObjects: 0.104700 ms)

AssetImportParameters requested are different than current active one (requested -> active):
  custom:framework-win-MediaFoundation: 216162199b28c13a410421893ffa2e32 -> 
  custom:video-decoder-ogg-theora: a1e56fd34408186e4bbccfd4996cb3dc -> 
  custom:container-muxer-webm: aa71ff27fc2769a1b78a27578f13a17b -> 
  custom:container-demuxer-webm: 4f35f7cbe854078d1ac9338744f61a02 -> 
  custom:container-demuxer-ogg: 62fdf1f143b41e24485cea50d1cbac27 -> 
  custom:video-encoder-webm-vp8: eb34c28f22e8b96e1ab97ce403110664 -> 
  custom:video-codec-MediaFoundation-h265: 746d11721c4dcdbdad8f713fa42b33f4 -> 
  custom:video-decoder-webm-vp8: 9c59270c3fd7afecdb556c50c9e8de78 -> 
  custom:audio-decoder-ogg-vorbis: bf7c407c2cedff20999df2af8eb42d56 -> 
  custom:audio-encoder-webm-vorbis: bf7c407c2cedff20999df2af8eb42d56 -> 
========================================================================
Received Import Request.
  path: Assets/Scripts/HUDController.cs
  artifactKey: Guid(0d217ba582775d6419b012cd1e2171c5) Importer(815301076,1909f56bfc062723c751e8b465ee728b)
Start importing Assets/Scripts/HUDController.cs using Guid(0d217ba582775d6419b012cd1e2171c5) Importer(815301076,1909f56bfc062723c751e8b465ee728b)  -> (artifact id: 'ca662f8ea304a7ebe9b72825a5967485') in 0.026052 seconds 
  Import took 0.062038 seconds .

========================================================================
Received Import Request.
  Time since last request: 11.340257 seconds.
  path: Assets/Scripts/AltAIController.cs
  artifactKey: Guid(868efc2f6d0450b47b865713f3c5ff73) Importer(815301076,1909f56bfc062723c751e8b465ee728b)
Start importing Assets/Scripts/AltAIController.cs using Guid(868efc2f6d0450b47b865713f3c5ff73) Importer(815301076,1909f56bfc062723c751e8b465ee728b)  -> (artifact id: 'b5addc36e3e36e971e2773d51c625679') in 0.006371 seconds 
  Import took 0.033441 seconds .

========================================================================
Received Import Request.
  Time since last request: 42.394012 seconds.
  path: Assets/Scripts/AntiRolllBar.cs
  artifactKey: Guid(3e62240884453d04ca32fe329902a4fd) Importer(815301076,1909f56bfc062723c751e8b465ee728b)
Start importing Assets/Scripts/AntiRolllBar.cs using Guid(3e62240884453d04ca32fe329902a4fd) Importer(815301076,1909f56bfc062723c751e8b465ee728b)  -> (artifact id: '5d23eba45b39d828ceb957bfa9ccf96e') in 0.002483 seconds 
  Import took 0.087541 seconds .

========================================================================
Received Import Request.
  Time since last request: 41.261427 seconds.
  path: Assets/Scripts/AvoidDetector.cs
  artifactKey: Guid(e09a57a0e83d9ab4b9edb2528eb7f6c7) Importer(815301076,1909f56bfc062723c751e8b465ee728b)
Start importing Assets/Scripts/AvoidDetector.cs using Guid(e09a57a0e83d9ab4b9edb2528eb7f6c7) Importer(815301076,1909f56bfc062723c751e8b465ee728b)  -> (artifact id: '7e6b516e69e0f66da6bde6fade8dba27') in 0.004357 seconds 
  Import took 0.123133 seconds .

========================================================================
Received Import Request.
  Time since last request: 88.005130 seconds.
  path: Assets/Scripts/SmoothFollow.cs
  artifactKey: Guid(5c1a0a6627565364287cf045239539d1) Importer(815301076,1909f56bfc062723c751e8b465ee728b)
Start importing Assets/Scripts/SmoothFollow.cs using Guid(5c1a0a6627565364287cf045239539d1) Importer(815301076,1909f56bfc062723c751e8b465ee728b)  -> (artifact id: '9910068d097b63f3a03cbb20e367a1f9') in 0.004117 seconds 
  Import took 0.050077 seconds .

========================================================================
Received Import Request.
  Time since last request: 68.036735 seconds.
  path: Assets/Scripts/Drive.cs
  artifactKey: Guid(e18db0eb6d48fa3428e11857f9f710c3) Importer(815301076,1909f56bfc062723c751e8b465ee728b)
Start importing Assets/Scripts/Drive.cs using Guid(e18db0eb6d48fa3428e11857f9f710c3) Importer(815301076,1909f56bfc062723c751e8b465ee728b)  -> (artifact id: 'd330b4bbbbdf7ea67668330ec5e42cd2') in 0.040391 seconds 
  Import took 0.323227 seconds .

========================================================================
Received Import Request.
  Time since last request: 101.020019 seconds.
  path: Assets/Scripts/PlayerController.cs
  artifactKey: Guid(4bb29faac7ed39545a35ba313dbaf3c4) Importer(815301076,1909f56bfc062723c751e8b465ee728b)
Start importing Assets/Scripts/PlayerController.cs using Guid(4bb29faac7ed39545a35ba313dbaf3c4) Importer(815301076,1909f56bfc062723c751e8b465ee728b)  -> (artifact id: '4821f0d65fec43d0288a798ce9fcc121') in 0.005051 seconds 
  Import took 0.052305 seconds .

AssetImportWorkerClient::OnTransportError - code=2 error=End of file
